ď»żÎ“ĂĄĂ† Loading: step3_cbb.csv
Î“ĂĄĂ† Slate teams: 12
Î“ĂĄĂ† Pulling: 20260225
Î“ĂĄĂ† Pulling: 20260224
Î“ĂĄĂ† Pulling: 20260223
Î“ĂĄĂ† Pulling: 20260222
Î“ĂĄĂ† Pulling: 20260221
Î“ĂĄĂ† Pulling: 20260220
Î“ĂĄĂ† Pulling: 20260219
Î“ĂĄĂ† Pulling: 20260218
Î“ĂĄĂ† Pulling: 20260217
Î“ĂĄĂ† Pulling: 20260216
Î“ĂĄĂ† Pulling: 20260215
Î“ĂĄĂ† Pulling: 20260214
Î“ĂĄĂ† Pulling: 20260213
Î“ĂĄĂ† Pulling: 20260212
Î“ĂĄĂ† Pulling: 20260211
Î“ĂĄĂ† Pulling: 20260210
Î“ĂĄĂ† Pulling: 20260209
Î“ĂĄĂ† Pulling: 20260208
Î“ĂĄĂ† Pulling: 20260207
Î“ĂĄĂ† Pulling: 20260206
Î“ĂĄĂ† Pulling: 20260205
Î“ĂĄĂ† Pulling: 20260204
Î“ĂĄĂ† Pulling: 20260203
Î“ĂĄĂ† Pulling: 20260202
Î“ĂĄĂ† Pulling: 20260201
Î“ĂĄĂ† Pulling: 20260131
Î“ĂĄĂ† Pulling: 20260130
Î“ĂĄĂ† Pulling: 20260129
Î“ĂĄĂ† Pulling: 20260128
Î“ĂĄĂ† Pulling: 20260127
Î“ĂĄĂ† Pulling: 20260126
Î“ĂĄĂ† Pulling: 20260125
Î“ĂĄĂ† Pulling: 20260124
Î“ĂĄĂ† Pulling: 20260123
Î“ĂĄĂ† Pulling: 20260122
Î“ĂĄĂ† Pulling: 20260121
Î“ĂĄĂ† Pulling: 20260120
Î“ĂĄĂ† Pulling: 20260119
Î“ĂĄĂ† Pulling: 20260118
Î“ĂĄĂ† Pulling: 20260117
Î“ĂĄĂ† Pulling: 20260116
Î“ĂĄĂ† Pulling: 20260115
Î“ĂĄĂ† Pulling: 20260114
Î“ĂĄĂ† Pulling: 20260113
Î“ĂĄĂ† Pulling: 20260112
Î“ĂĄĂ† Pulling: 20260111
Î“ĂĄĂ† Player histories Î“Ă‡Ă¶ by ID: 1302 | by name: 1302
Î“ÂŁĂ  Saved Î“ĂĄĂ† step5b_cbb.csv | rows=4123
stat_status breakdown:
stat_status
NO_TEAM_ID        3140
OK                 947
NO_BOX_HISTORY      36
